{"meta": {"format": 3, "version": "7.6.3", "timestamp": "2024-10-21T19:26:00.882579", "branch_coverage": true, "show_contexts": false}, "files": {"src\\__init__.py": {"executed_lines": [], "summary": {"covered_lines": 0, "num_statements": 0, "percent_covered": 100.0, "percent_covered_display": "100", "missing_lines": 0, "excluded_lines": 0, "num_branches": 0, "num_partial_branches": 0, "covered_branches": 0, "missing_branches": 0}, "missing_lines": [], "excluded_lines": [], "executed_branches": [], "missing_branches": [], "functions": {"": {"executed_lines": [], "summary": {"covered_lines": 0, "num_statements": 0, "percent_covered": 100.0, "percent_covered_display": "100", "missing_lines": 0, "excluded_lines": 0, "num_branches": 0, "num_partial_branches": 0, "covered_branches": 0, "missing_branches": 0}, "missing_lines": [], "excluded_lines": [], "executed_branches": [], "missing_branches": []}}, "classes": {"": {"executed_lines": [], "summary": {"covered_lines": 0, "num_statements": 0, "percent_covered": 100.0, "percent_covered_display": "100", "missing_lines": 0, "excluded_lines": 0, "num_branches": 0, "num_partial_branches": 0, "covered_branches": 0, "missing_branches": 0}, "missing_lines": [], "excluded_lines": [], "executed_branches": [], "missing_branches": []}}}, "src\\bat.py": {"executed_lines": [1, 8, 9, 11, 12, 16], "summary": {"covered_lines": 4, "num_statements": 9, "percent_covered": 36.36363636363637, "percent_covered_display": "36", "missing_lines": 5, "excluded_lines": 0, "num_branches": 2, "num_partial_branches": 0, "covered_branches": 0, "missing_branches": 2}, "missing_lines": [24, 26, 27, 28, 30], "excluded_lines": [], "executed_branches": [], "missing_branches": [[27, 28], [27, 30]], "functions": {"Bat.run": {"executed_lines": [], "summary": {"covered_lines": 0, "num_statements": 5, "percent_covered": 0.0, "percent_covered_display": "0", "missing_lines": 5, "excluded_lines": 0, "num_branches": 2, "num_partial_branches": 0, "covered_branches": 0, "missing_branches": 2}, "missing_lines": [24, 26, 27, 28, 30], "excluded_lines": [], "executed_branches": [], "missing_branches": [[27, 28], [27, 30]]}, "": {"executed_lines": [1, 8, 9, 11, 12, 16], "summary": {"covered_lines": 4, "num_statements": 4, "percent_covered": 100.0, "percent_covered_display": "100", "missing_lines": 0, "excluded_lines": 0, "num_branches": 0, "num_partial_branches": 0, "covered_branches": 0, "missing_branches": 0}, "missing_lines": [], "excluded_lines": [], "executed_branches": [], "missing_branches": []}}, "classes": {"Bat": {"executed_lines": [], "summary": {"covered_lines": 0, "num_statements": 5, "percent_covered": 0.0, "percent_covered_display": "0", "missing_lines": 5, "excluded_lines": 0, "num_branches": 2, "num_partial_branches": 0, "covered_branches": 0, "missing_branches": 2}, "missing_lines": [24, 26, 27, 28, 30], "excluded_lines": [], "executed_branches": [], "missing_branches": [[27, 28], [27, 30]]}, "": {"executed_lines": [1, 8, 9, 11, 12, 16], "summary": {"covered_lines": 4, "num_statements": 4, "percent_covered": 100.0, "percent_covered_display": "100", "missing_lines": 0, "excluded_lines": 0, "num_branches": 0, "num_partial_branches": 0, "covered_branches": 0, "missing_branches": 0}, "missing_lines": [], "excluded_lines": [], "executed_branches": [], "missing_branches": []}}}, "src\\bat_ui.py": {"executed_lines": [1, 8, 9, 10, 11, 12, 14, 15, 19, 28, 29, 31, 40, 41, 42, 43, 44, 45, 46, 47, 48, 49, 50, 51, 52, 53, 54, 56, 60, 62, 70, 83, 85, 86, 87, 88, 89, 90, 91, 92, 93, 94, 95, 96, 97, 101, 117, 123, 124, 126, 127, 129, 130, 131, 132, 133, 134, 136, 138, 139, 141, 142, 144, 145, 147, 149, 151, 154, 169, 175, 176, 177, 179, 181, 182, 184, 185, 186, 187, 188, 190, 191, 192, 193, 195, 196, 198, 200, 206, 216, 218, 220, 221, 222, 223, 224, 225, 226, 227, 228, 232, 233, 235, 236, 237, 239, 241, 248, 254, 255, 257, 259, 261, 271, 277, 278, 280, 282, 283, 285, 286, 287, 289, 291, 293, 298, 299, 300, 302], "summary": {"covered_lines": 127, "num_statements": 131, "percent_covered": 96.21621621621621, "percent_covered_display": "96", "missing_lines": 4, "excluded_lines": 0, "num_branches": 54, "num_partial_branches": 3, "covered_branches": 51, "missing_branches": 3}, "missing_lines": [98, 99, 229, 230], "excluded_lines": [], "executed_branches": [[41, 42], [41, 43], [43, 44], [43, 45], [45, 46], [45, 47], [47, 48], [47, 49], [49, 50], [49, 51], [51, 52], [51, 53], [53, 54], [86, 87], [86, 88], [88, 89], [88, 90], [90, 91], [90, 92], [92, 93], [92, 94], [94, 95], [94, 96], [96, 97], [126, 127], [126, 129], [131, 132], [131, 149], [138, 139], [138, 141], [144, 145], [144, 147], [181, 182], [181, 184], [186, 187], [186, 190], [191, 192], [191, 195], [221, 222], [221, 224], [224, 225], [224, 227], [227, 228], [232, 233], [232, 235], [236, 237], [236, 239], [282, 283], [282, 285], [286, 287], [286, 289]], "missing_branches": [[53, -31], [96, 98], [227, 229]], "functions": {"BatUI.__init__": {"executed_lines": [28, 29], "summary": {"covered_lines": 2, "num_statements": 2, "percent_covered": 100.0, "percent_covered_display": "100", "missing_lines": 0, "excluded_lines": 0, "num_branches": 0, "num_partial_branches": 0, "covered_branches": 0, "missing_branches": 0}, "missing_lines": [], "excluded_lines": [], "executed_branches": [], "missing_branches": []}, "BatUI.get_current_screen": {"executed_lines": [40, 41, 42, 43, 44, 45, 46, 47, 48, 49, 50, 51, 52, 53, 54], "summary": {"covered_lines": 15, "num_statements": 15, "percent_covered": 96.55172413793103, "percent_covered_display": "97", "missing_lines": 0, "excluded_lines": 0, "num_branches": 14, "num_partial_branches": 1, "covered_branches": 13, "missing_branches": 1}, "missing_lines": [], "excluded_lines": [], "executed_branches": [[41, 42], [41, 43], [43, 44], [43, 45], [45, 46], [45, 47], [47, 48], [47, 49], [49, 50], [49, 51], [51, 52], [51, 53], [53, 54]], "missing_branches": [[53, -31]]}, "BatUI.run_current_screen": {"executed_lines": [60], "summary": {"covered_lines": 1, "num_statements": 1, "percent_covered": 100.0, "percent_covered_display": "100", "missing_lines": 0, "excluded_lines": 0, "num_branches": 0, "num_partial_branches": 0, "covered_branches": 0, "missing_branches": 0}, "missing_lines": [], "excluded_lines": [], "executed_branches": [], "missing_branches": []}, "BatUI._main_menu": {"executed_lines": [70, 83, 85, 86, 87, 88, 89, 90, 91, 92, 93, 94, 95, 96, 97], "summary": {"covered_lines": 15, "num_statements": 17, "percent_covered": 89.65517241379311, "percent_covered_display": "90", "missing_lines": 2, "excluded_lines": 0, "num_branches": 12, "num_partial_branches": 1, "covered_branches": 11, "missing_branches": 1}, "missing_lines": [98, 99], "excluded_lines": [], "executed_branches": [[86, 87], [86, 88], [88, 89], [88, 90], [90, 91], [90, 92], [92, 93], [92, 94], [94, 95], [94, 96], [96, 97]], "missing_branches": [[96, 98]]}, "BatUI._loan_item": {"executed_lines": [117, 123, 124, 126, 127, 129, 130, 131, 132, 133, 134, 136, 138, 139, 141, 142, 144, 145, 147, 149, 151], "summary": {"covered_lines": 21, "num_statements": 21, "percent_covered": 100.0, "percent_covered_display": "100", "missing_lines": 0, "excluded_lines": 0, "num_branches": 8, "num_partial_branches": 0, "covered_branches": 8, "missing_branches": 0}, "missing_lines": [], "excluded_lines": [], "executed_branches": [[126, 127], [126, 129], [131, 132], [131, 149], [138, 139], [138, 141], [144, 145], [144, 147]], "missing_branches": []}, "BatUI._return_item": {"executed_lines": [169, 175, 176, 177, 179, 181, 182, 184, 185, 186, 187, 188, 190, 191, 192, 193, 195, 196, 198], "summary": {"covered_lines": 19, "num_statements": 19, "percent_covered": 100.0, "percent_covered_display": "100", "missing_lines": 0, "excluded_lines": 0, "num_branches": 6, "num_partial_branches": 0, "covered_branches": 6, "missing_branches": 0}, "missing_lines": [], "excluded_lines": [], "executed_branches": [[181, 182], [181, 184], [186, 187], [186, 190], [191, 192], [191, 195]], "missing_branches": []}, "BatUI._search_for_patron": {"executed_lines": [206, 216, 218, 220, 221, 222, 223, 224, 225, 226, 227, 228, 232, 233, 235, 236, 237, 239], "summary": {"covered_lines": 18, "num_statements": 20, "percent_covered": 90.0, "percent_covered_display": "90", "missing_lines": 2, "excluded_lines": 0, "num_branches": 10, "num_partial_branches": 1, "covered_branches": 9, "missing_branches": 1}, "missing_lines": [229, 230], "excluded_lines": [], "executed_branches": [[221, 222], [221, 224], [224, 225], [224, 227], [227, 228], [232, 233], [232, 235], [236, 237], [236, 239]], "missing_branches": [[227, 229]]}, "BatUI._register_patron": {"executed_lines": [248, 254, 255, 257, 259], "summary": {"covered_lines": 5, "num_statements": 5, "percent_covered": 100.0, "percent_covered_display": "100", "missing_lines": 0, "excluded_lines": 0, "num_branches": 0, "num_partial_branches": 0, "covered_branches": 0, "missing_branches": 0}, "missing_lines": [], "excluded_lines": [], "executed_branches": [], "missing_branches": []}, "BatUI._access_makerspace": {"executed_lines": [271, 277, 278, 280, 282, 283, 285, 286, 287, 289, 291], "summary": {"covered_lines": 11, "num_statements": 11, "percent_covered": 100.0, "percent_covered_display": "100", "missing_lines": 0, "excluded_lines": 0, "num_branches": 4, "num_partial_branches": 0, "covered_branches": 4, "missing_branches": 0}, "missing_lines": [], "excluded_lines": [], "executed_branches": [[282, 283], [282, 285], [286, 287], [286, 289]], "missing_branches": []}, "BatUI._quit": {"executed_lines": [298, 299, 300, 302], "summary": {"covered_lines": 4, "num_statements": 4, "percent_covered": 100.0, "percent_covered_display": "100", "missing_lines": 0, "excluded_lines": 0, "num_branches": 0, "num_partial_branches": 0, "covered_branches": 0, "missing_branches": 0}, "missing_lines": [], "excluded_lines": [], "executed_branches": [], "missing_branches": []}, "": {"executed_lines": [1, 8, 9, 10, 11, 12, 14, 15, 19, 31, 56, 62, 101, 154, 200, 241, 261, 293], "summary": {"covered_lines": 16, "num_statements": 16, "percent_covered": 100.0, "percent_covered_display": "100", "missing_lines": 0, "excluded_lines": 0, "num_branches": 0, "num_partial_branches": 0, "covered_branches": 0, "missing_branches": 0}, "missing_lines": [], "excluded_lines": [], "executed_branches": [], "missing_branches": []}}, "classes": {"BatUI": {"executed_lines": [28, 29, 40, 41, 42, 43, 44, 45, 46, 47, 48, 49, 50, 51, 52, 53, 54, 60, 70, 83, 85, 86, 87, 88, 89, 90, 91, 92, 93, 94, 95, 96, 97, 117, 123, 124, 126, 127, 129, 130, 131, 132, 133, 134, 136, 138, 139, 141, 142, 144, 145, 147, 149, 151, 169, 175, 176, 177, 179, 181, 182, 184, 185, 186, 187, 188, 190, 191, 192, 193, 195, 196, 198, 206, 216, 218, 220, 221, 222, 223, 224, 225, 226, 227, 228, 232, 233, 235, 236, 237, 239, 248, 254, 255, 257, 259, 271, 277, 278, 280, 282, 283, 285, 286, 287, 289, 291, 298, 299, 300, 302], "summary": {"covered_lines": 111, "num_statements": 115, "percent_covered": 95.85798816568047, "percent_covered_display": "96", "missing_lines": 4, "excluded_lines": 0, "num_branches": 54, "num_partial_branches": 3, "covered_branches": 51, "missing_branches": 3}, "missing_lines": [98, 99, 229, 230], "excluded_lines": [], "executed_branches": [[41, 42], [41, 43], [43, 44], [43, 45], [45, 46], [45, 47], [47, 48], [47, 49], [49, 50], [49, 51], [51, 52], [51, 53], [53, 54], [86, 87], [86, 88], [88, 89], [88, 90], [90, 91], [90, 92], [92, 93], [92, 94], [94, 95], [94, 96], [96, 97], [126, 127], [126, 129], [131, 132], [131, 149], [138, 139], [138, 141], [144, 145], [144, 147], [181, 182], [181, 184], [186, 187], [186, 190], [191, 192], [191, 195], [221, 222], [221, 224], [224, 225], [224, 227], [227, 228], [232, 233], [232, 235], [236, 237], [236, 239], [282, 283], [282, 285], [286, 287], [286, 289]], "missing_branches": [[53, -31], [96, 98], [227, 229]]}, "": {"executed_lines": [1, 8, 9, 10, 11, 12, 14, 15, 19, 31, 56, 62, 101, 154, 200, 241, 261, 293], "summary": {"covered_lines": 16, "num_statements": 16, "percent_covered": 100.0, "percent_covered_display": "100", "missing_lines": 0, "excluded_lines": 0, "num_branches": 0, "num_partial_branches": 0, "covered_branches": 0, "missing_branches": 0}, "missing_lines": [], "excluded_lines": [], "executed_branches": [], "missing_branches": []}}}, "src\\borrowable_item.py": {"executed_lines": [1, 8, 10, 11, 22, 26, 27, 28, 29, 30, 31, 33, 39, 40, 41, 42, 43, 44, 46], "summary": {"covered_lines": 17, "num_statements": 21, "percent_covered": 80.95238095238095, "percent_covered_display": "81", "missing_lines": 4, "excluded_lines": 0, "num_branches": 0, "num_partial_branches": 0, "covered_branches": 0, "missing_branches": 0}, "missing_lines": [50, 51, 52, 54], "excluded_lines": [], "executed_branches": [], "missing_branches": [], "functions": {"BorrowableItem.__init__": {"executed_lines": [26, 27, 28, 29, 30, 31], "summary": {"covered_lines": 6, "num_statements": 6, "percent_covered": 100.0, "percent_covered_display": "100", "missing_lines": 0, "excluded_lines": 0, "num_branches": 0, "num_partial_branches": 0, "covered_branches": 0, "missing_branches": 0}, "missing_lines": [], "excluded_lines": [], "executed_branches": [], "missing_branches": []}, "BorrowableItem.load_data": {"executed_lines": [39, 40, 41, 42, 43, 44], "summary": {"covered_lines": 6, "num_statements": 6, "percent_covered": 100.0, "percent_covered_display": "100", "missing_lines": 0, "excluded_lines": 0, "num_branches": 0, "num_partial_branches": 0, "covered_branches": 0, "missing_branches": 0}, "missing_lines": [], "excluded_lines": [], "executed_branches": [], "missing_branches": []}, "BorrowableItem.__str__": {"executed_lines": [], "summary": {"covered_lines": 0, "num_statements": 4, "percent_covered": 0.0, "percent_covered_display": "0", "missing_lines": 4, "excluded_lines": 0, "num_branches": 0, "num_partial_branches": 0, "covered_branches": 0, "missing_branches": 0}, "missing_lines": [50, 51, 52, 54], "excluded_lines": [], "executed_branches": [], "missing_branches": []}, "": {"executed_lines": [1, 8, 10, 11, 22, 33, 46], "summary": {"covered_lines": 5, "num_statements": 5, "percent_covered": 100.0, "percent_covered_display": "100", "missing_lines": 0, "excluded_lines": 0, "num_branches": 0, "num_partial_branches": 0, "covered_branches": 0, "missing_branches": 0}, "missing_lines": [], "excluded_lines": [], "executed_branches": [], "missing_branches": []}}, "classes": {"BorrowableItem": {"executed_lines": [26, 27, 28, 29, 30, 31, 39, 40, 41, 42, 43, 44], "summary": {"covered_lines": 12, "num_statements": 16, "percent_covered": 75.0, "percent_covered_display": "75", "missing_lines": 4, "excluded_lines": 0, "num_branches": 0, "num_partial_branches": 0, "covered_branches": 0, "missing_branches": 0}, "missing_lines": [50, 51, 52, 54], "excluded_lines": [], "executed_branches": [], "missing_branches": []}, "": {"executed_lines": [1, 8, 10, 11, 22, 33, 46], "summary": {"covered_lines": 5, "num_statements": 5, "percent_covered": 100.0, "percent_covered_display": "100", "missing_lines": 0, "excluded_lines": 0, "num_branches": 0, "num_partial_branches": 0, "covered_branches": 0, "missing_branches": 0}, "missing_lines": [], "excluded_lines": [], "executed_branches": [], "missing_branches": []}}}, "src\\business_logic.py": {"executed_lines": [1, 8, 10, 12, 25, 26, 27, 28, 29, 30, 35, 58, 83, 108, 123, 124, 126, 127, 129, 132, 135, 148, 150, 151, 153, 154, 155, 156, 158, 159, 161, 162, 164, 167, 180, 182, 183, 184, 186, 188, 189, 192, 206], "summary": {"covered_lines": 42, "num_statements": 78, "percent_covered": 51.666666666666664, "percent_covered_display": "52", "missing_lines": 36, "excluded_lines": 0, "num_branches": 42, "num_partial_branches": 6, "covered_branches": 20, "missing_branches": 22}, "missing_lines": [32, 48, 49, 50, 51, 52, 53, 55, 71, 72, 74, 75, 77, 78, 80, 97, 98, 99, 100, 102, 103, 105, 130, 181, 185, 187, 201, 202, 203, 219, 221, 222, 223, 224, 225, 227], "excluded_lines": [], "executed_branches": [[25, 26], [25, 27], [27, 28], [27, 29], [29, 30], [126, 127], [126, 129], [129, 132], [153, 154], [153, 155], [155, 156], [155, 158], [161, 162], [161, 164], [180, 182], [182, 183], [182, 184], [184, 186], [186, 188], [188, 189]], "missing_branches": [[29, 32], [48, 49], [48, 50], [50, 51], [50, 52], [52, 53], [52, 55], [71, 72], [71, 74], [77, 78], [77, 80], [99, 100], [99, 102], [102, 103], [102, 105], [129, 130], [180, 181], [184, 185], [186, 187], [188, -167], [221, 222], [221, 227]], "functions": {"type_of_patron": {"executed_lines": [25, 26, 27, 28, 29, 30], "summary": {"covered_lines": 6, "num_statements": 7, "percent_covered": 84.61538461538461, "percent_covered_display": "85", "missing_lines": 1, "excluded_lines": 0, "num_branches": 6, "num_partial_branches": 1, "covered_branches": 5, "missing_branches": 1}, "missing_lines": [32], "excluded_lines": [], "executed_branches": [[25, 26], [25, 27], [27, 28], [27, 29], [29, 30]], "missing_branches": [[29, 32]]}, "can_borrow": {"executed_lines": [], "summary": {"covered_lines": 0, "num_statements": 7, "percent_covered": 0.0, "percent_covered_display": "0", "missing_lines": 7, "excluded_lines": 0, "num_branches": 6, "num_partial_branches": 0, "covered_branches": 0, "missing_branches": 6}, "missing_lines": [48, 49, 50, 51, 52, 53, 55], "excluded_lines": [], "executed_branches": [], "missing_branches": [[48, 49], [48, 50], [50, 51], [50, 52], [52, 53], [52, 55]]}, "can_borrow_book": {"executed_lines": [], "summary": {"covered_lines": 0, "num_statements": 7, "percent_covered": 0.0, "percent_covered_display": "0", "missing_lines": 7, "excluded_lines": 0, "num_branches": 4, "num_partial_branches": 0, "covered_branches": 0, "missing_branches": 4}, "missing_lines": [71, 72, 74, 75, 77, 78, 80], "excluded_lines": [], "executed_branches": [], "missing_branches": [[71, 72], [71, 74], [77, 78], [77, 80]]}, "can_borrow_gardening_tool": {"executed_lines": [], "summary": {"covered_lines": 0, "num_statements": 7, "percent_covered": 0.0, "percent_covered_display": "0", "missing_lines": 7, "excluded_lines": 0, "num_branches": 4, "num_partial_branches": 0, "covered_branches": 0, "missing_branches": 4}, "missing_lines": [97, 98, 99, 100, 102, 103, 105], "excluded_lines": [], "executed_branches": [], "missing_branches": [[99, 100], [99, 102], [102, 103], [102, 105]]}, "can_borrow_carpentry_tool": {"executed_lines": [123, 124, 126, 127, 129, 132], "summary": {"covered_lines": 6, "num_statements": 7, "percent_covered": 81.81818181818181, "percent_covered_display": "82", "missing_lines": 1, "excluded_lines": 0, "num_branches": 4, "num_partial_branches": 1, "covered_branches": 3, "missing_branches": 1}, "missing_lines": [130], "excluded_lines": [], "executed_branches": [[126, 127], [126, 129], [129, 132]], "missing_branches": [[129, 130]]}, "can_use_makerspace": {"executed_lines": [148, 150, 151, 153, 154, 155, 156, 158, 159, 161, 162, 164], "summary": {"covered_lines": 12, "num_statements": 12, "percent_covered": 100.0, "percent_covered_display": "100", "missing_lines": 0, "excluded_lines": 0, "num_branches": 6, "num_partial_branches": 0, "covered_branches": 6, "missing_branches": 0}, "missing_lines": [], "excluded_lines": [], "executed_branches": [[153, 154], [153, 155], [155, 156], [155, 158], [161, 162], [161, 164]], "missing_branches": []}, "calculate_discount": {"executed_lines": [180, 182, 183, 184, 186, 188, 189], "summary": {"covered_lines": 7, "num_statements": 10, "percent_covered": 65.0, "percent_covered_display": "65", "missing_lines": 3, "excluded_lines": 0, "num_branches": 10, "num_partial_branches": 4, "covered_branches": 6, "missing_branches": 4}, "missing_lines": [181, 185, 187], "excluded_lines": [], "executed_branches": [[180, 182], [182, 183], [182, 184], [184, 186], [186, 188], [188, 189]], "missing_branches": [[180, 181], [184, 185], [186, 187], [188, -167]]}, "process_return": {"executed_lines": [], "summary": {"covered_lines": 0, "num_statements": 3, "percent_covered": 0.0, "percent_covered_display": "0", "missing_lines": 3, "excluded_lines": 0, "num_branches": 0, "num_partial_branches": 0, "covered_branches": 0, "missing_branches": 0}, "missing_lines": [201, 202, 203], "excluded_lines": [], "executed_branches": [], "missing_branches": []}, "process_loan": {"executed_lines": [], "summary": {"covered_lines": 0, "num_statements": 7, "percent_covered": 0.0, "percent_covered_display": "0", "missing_lines": 7, "excluded_lines": 0, "num_branches": 2, "num_partial_branches": 0, "covered_branches": 0, "missing_branches": 2}, "missing_lines": [219, 221, 222, 223, 224, 225, 227], "excluded_lines": [], "executed_branches": [], "missing_branches": [[221, 222], [221, 227]]}, "": {"executed_lines": [1, 8, 10, 12, 35, 58, 83, 108, 135, 167, 192, 206], "summary": {"covered_lines": 11, "num_statements": 11, "percent_covered": 100.0, "percent_covered_display": "100", "missing_lines": 0, "excluded_lines": 0, "num_branches": 0, "num_partial_branches": 0, "covered_branches": 0, "missing_branches": 0}, "missing_lines": [], "excluded_lines": [], "executed_branches": [], "missing_branches": []}}, "classes": {"": {"executed_lines": [1, 8, 10, 12, 25, 26, 27, 28, 29, 30, 35, 58, 83, 108, 123, 124, 126, 127, 129, 132, 135, 148, 150, 151, 153, 154, 155, 156, 158, 159, 161, 162, 164, 167, 180, 182, 183, 184, 186, 188, 189, 192, 206], "summary": {"covered_lines": 42, "num_statements": 78, "percent_covered": 51.666666666666664, "percent_covered_display": "52", "missing_lines": 36, "excluded_lines": 0, "num_branches": 42, "num_partial_branches": 6, "covered_branches": 20, "missing_branches": 22}, "missing_lines": [32, 48, 49, 50, 51, 52, 53, 55, 71, 72, 74, 75, 77, 78, 80, 97, 98, 99, 100, 102, 103, 105, 130, 181, 185, 187, 201, 202, 203, 219, 221, 222, 223, 224, 225, 227], "excluded_lines": [], "executed_branches": [[25, 26], [25, 27], [27, 28], [27, 29], [29, 30], [126, 127], [126, 129], [129, 132], [153, 154], [153, 155], [155, 156], [155, 158], [161, 162], [161, 164], [180, 182], [182, 183], [182, 184], [184, 186], [186, 188], [188, 189]], "missing_branches": [[29, 32], [48, 49], [48, 50], [50, 51], [50, 52], [52, 53], [52, 55], [71, 72], [71, 74], [77, 78], [77, 80], [99, 100], [99, 102], [102, 103], [102, 105], [129, 130], [180, 181], [184, 185], [186, 187], [188, -167], [221, 222], [221, 227]]}}}, "src\\config.py": {"executed_lines": [1, 8, 9], "summary": {"covered_lines": 2, "num_statements": 2, "percent_covered": 100.0, "percent_covered_display": "100", "missing_lines": 0, "excluded_lines": 0, "num_branches": 0, "num_partial_branches": 0, "covered_branches": 0, "missing_branches": 0}, "missing_lines": [], "excluded_lines": [], "executed_branches": [], "missing_branches": [], "functions": {"": {"executed_lines": [1, 8, 9], "summary": {"covered_lines": 2, "num_statements": 2, "percent_covered": 100.0, "percent_covered_display": "100", "missing_lines": 0, "excluded_lines": 0, "num_branches": 0, "num_partial_branches": 0, "covered_branches": 0, "missing_branches": 0}, "missing_lines": [], "excluded_lines": [], "executed_branches": [], "missing_branches": []}}, "classes": {"": {"executed_lines": [1, 8, 9], "summary": {"covered_lines": 2, "num_statements": 2, "percent_covered": 100.0, "percent_covered_display": "100", "missing_lines": 0, "excluded_lines": 0, "num_branches": 0, "num_partial_branches": 0, "covered_branches": 0, "missing_branches": 0}, "missing_lines": [], "excluded_lines": [], "executed_branches": [], "missing_branches": []}}}, "src\\data_mgmt.py": {"executed_lines": [1, 8, 9, 11, 12, 13, 15, 16, 19, 24, 25, 26, 27, 29, 40, 42, 43, 45, 47, 53, 54, 55, 57, 58, 59, 60, 61, 63, 64, 65, 66, 68, 73, 74, 75, 76, 77, 78, 79, 81, 87, 88, 89, 91, 92, 93, 94, 95, 96, 97, 98, 99, 100, 101, 103, 108, 109, 110, 111, 112, 114, 116, 117, 121, 122, 123, 135, 136, 140, 141, 142], "summary": {"covered_lines": 67, "num_statements": 70, "percent_covered": 93.18181818181819, "percent_covered_display": "93", "missing_lines": 3, "excluded_lines": 0, "num_branches": 18, "num_partial_branches": 3, "covered_branches": 15, "missing_branches": 3}, "missing_lines": [113, 133, 150], "excluded_lines": [], "executed_branches": [[58, 59], [58, 63], [75, 76], [75, 79], [77, 75], [77, 78], [92, 93], [92, 96], [96, 97], [96, 98], [110, 111], [110, 114], [112, 110], [122, 123], [141, 142]], "missing_branches": [[112, 113], [122, 133], [141, 150]], "functions": {"DataManager.__init__": {"executed_lines": [24, 25, 26, 27], "summary": {"covered_lines": 4, "num_statements": 4, "percent_covered": 100.0, "percent_covered_display": "100", "missing_lines": 0, "excluded_lines": 0, "num_branches": 0, "num_partial_branches": 0, "covered_branches": 0, "missing_branches": 0}, "missing_lines": [], "excluded_lines": [], "executed_branches": [], "missing_branches": []}, "DataManager.register_patron": {"executed_lines": [40, 42, 43, 45], "summary": {"covered_lines": 4, "num_statements": 4, "percent_covered": 100.0, "percent_covered_display": "100", "missing_lines": 0, "excluded_lines": 0, "num_branches": 0, "num_partial_branches": 0, "covered_branches": 0, "missing_branches": 0}, "missing_lines": [], "excluded_lines": [], "executed_branches": [], "missing_branches": []}, "DataManager.load_patrons": {"executed_lines": [53, 54, 55, 57, 58, 59, 60, 61, 63, 64, 65, 66], "summary": {"covered_lines": 12, "num_statements": 12, "percent_covered": 100.0, "percent_covered_display": "100", "missing_lines": 0, "excluded_lines": 0, "num_branches": 2, "num_partial_branches": 0, "covered_branches": 2, "missing_branches": 0}, "missing_lines": [], "excluded_lines": [], "executed_branches": [[58, 59], [58, 63]], "missing_branches": []}, "DataManager.save_patrons": {"executed_lines": [73, 74, 75, 76, 77, 78, 79], "summary": {"covered_lines": 7, "num_statements": 7, "percent_covered": 100.0, "percent_covered_display": "100", "missing_lines": 0, "excluded_lines": 0, "num_branches": 4, "num_partial_branches": 0, "covered_branches": 4, "missing_branches": 0}, "missing_lines": [], "excluded_lines": [], "executed_branches": [[75, 76], [75, 79], [77, 75], [77, 78]], "missing_branches": []}, "DataManager.load_catalogue": {"executed_lines": [87, 88, 89, 91, 92, 93, 94, 95, 96, 97, 98, 99, 100, 101], "summary": {"covered_lines": 14, "num_statements": 14, "percent_covered": 100.0, "percent_covered_display": "100", "missing_lines": 0, "excluded_lines": 0, "num_branches": 4, "num_partial_branches": 0, "covered_branches": 4, "missing_branches": 0}, "missing_lines": [], "excluded_lines": [], "executed_branches": [[92, 93], [92, 96], [96, 97], [96, 98]], "missing_branches": []}, "DataManager.save_catalogue": {"executed_lines": [108, 109, 110, 111, 112, 114], "summary": {"covered_lines": 6, "num_statements": 7, "percent_covered": 81.81818181818181, "percent_covered_display": "82", "missing_lines": 1, "excluded_lines": 0, "num_branches": 4, "num_partial_branches": 1, "covered_branches": 3, "missing_branches": 1}, "missing_lines": [113], "excluded_lines": [], "executed_branches": [[110, 111], [110, 114], [112, 110]], "missing_branches": [[112, 113]]}, "DataManager.PatronEncoder.default": {"executed_lines": [122, 123], "summary": {"covered_lines": 2, "num_statements": 3, "percent_covered": 60.0, "percent_covered_display": "60", "missing_lines": 1, "excluded_lines": 0, "num_branches": 2, "num_partial_branches": 1, "covered_branches": 1, "missing_branches": 1}, "missing_lines": [133], "excluded_lines": [], "executed_branches": [[122, 123]], "missing_branches": [[122, 133]]}, "DataManager.BorrowableItemEncoder.default": {"executed_lines": [141, 142], "summary": {"covered_lines": 2, "num_statements": 3, "percent_covered": 60.0, "percent_covered_display": "60", "missing_lines": 1, "excluded_lines": 0, "num_branches": 2, "num_partial_branches": 1, "covered_branches": 1, "missing_branches": 1}, "missing_lines": [150], "excluded_lines": [], "executed_branches": [[141, 142]], "missing_branches": [[141, 150]]}, "": {"executed_lines": [1, 8, 9, 11, 12, 13, 15, 16, 19, 29, 47, 68, 81, 103, 116, 117, 121, 135, 136, 140], "summary": {"covered_lines": 16, "num_statements": 16, "percent_covered": 100.0, "percent_covered_display": "100", "missing_lines": 0, "excluded_lines": 0, "num_branches": 0, "num_partial_branches": 0, "covered_branches": 0, "missing_branches": 0}, "missing_lines": [], "excluded_lines": [], "executed_branches": [], "missing_branches": []}}, "classes": {"DataManager": {"executed_lines": [24, 25, 26, 27, 40, 42, 43, 45, 53, 54, 55, 57, 58, 59, 60, 61, 63, 64, 65, 66, 73, 74, 75, 76, 77, 78, 79, 87, 88, 89, 91, 92, 93, 94, 95, 96, 97, 98, 99, 100, 101, 108, 109, 110, 111, 112, 114], "summary": {"covered_lines": 47, "num_statements": 48, "percent_covered": 96.7741935483871, "percent_covered_display": "97", "missing_lines": 1, "excluded_lines": 0, "num_branches": 14, "num_partial_branches": 1, "covered_branches": 13, "missing_branches": 1}, "missing_lines": [113], "excluded_lines": [], "executed_branches": [[58, 59], [58, 63], [75, 76], [75, 79], [77, 75], [77, 78], [92, 93], [92, 96], [96, 97], [96, 98], [110, 111], [110, 114], [112, 110]], "missing_branches": [[112, 113]]}, "DataManager.PatronEncoder": {"executed_lines": [122, 123], "summary": {"covered_lines": 2, "num_statements": 3, "percent_covered": 60.0, "percent_covered_display": "60", "missing_lines": 1, "excluded_lines": 0, "num_branches": 2, "num_partial_branches": 1, "covered_branches": 1, "missing_branches": 1}, "missing_lines": [133], "excluded_lines": [], "executed_branches": [[122, 123]], "missing_branches": [[122, 133]]}, "DataManager.BorrowableItemEncoder": {"executed_lines": [141, 142], "summary": {"covered_lines": 2, "num_statements": 3, "percent_covered": 60.0, "percent_covered_display": "60", "missing_lines": 1, "excluded_lines": 0, "num_branches": 2, "num_partial_branches": 1, "covered_branches": 1, "missing_branches": 1}, "missing_lines": [150], "excluded_lines": [], "executed_branches": [[141, 142]], "missing_branches": [[141, 150]]}, "": {"executed_lines": [1, 8, 9, 11, 12, 13, 15, 16, 19, 29, 47, 68, 81, 103, 116, 117, 121, 135, 136, 140], "summary": {"covered_lines": 16, "num_statements": 16, "percent_covered": 100.0, "percent_covered_display": "100", "missing_lines": 0, "excluded_lines": 0, "num_branches": 0, "num_partial_branches": 0, "covered_branches": 0, "missing_branches": 0}, "missing_lines": [], "excluded_lines": [], "executed_branches": [], "missing_branches": []}}}, "src\\loan.py": {"executed_lines": [1, 8, 9, 15, 22, 23, 25, 29, 31], "summary": {"covered_lines": 7, "num_statements": 7, "percent_covered": 100.0, "percent_covered_display": "100", "missing_lines": 0, "excluded_lines": 0, "num_branches": 0, "num_partial_branches": 0, "covered_branches": 0, "missing_branches": 0}, "missing_lines": [], "excluded_lines": [], "executed_branches": [], "missing_branches": [], "functions": {"Loan.__init__": {"executed_lines": [22, 23], "summary": {"covered_lines": 2, "num_statements": 2, "percent_covered": 100.0, "percent_covered_display": "100", "missing_lines": 0, "excluded_lines": 0, "num_branches": 0, "num_partial_branches": 0, "covered_branches": 0, "missing_branches": 0}, "missing_lines": [], "excluded_lines": [], "executed_branches": [], "missing_branches": []}, "Loan.__str__": {"executed_lines": [29, 31], "summary": {"covered_lines": 2, "num_statements": 2, "percent_covered": 100.0, "percent_covered_display": "100", "missing_lines": 0, "excluded_lines": 0, "num_branches": 0, "num_partial_branches": 0, "covered_branches": 0, "missing_branches": 0}, "missing_lines": [], "excluded_lines": [], "executed_branches": [], "missing_branches": []}, "": {"executed_lines": [1, 8, 9, 15, 25], "summary": {"covered_lines": 3, "num_statements": 3, "percent_covered": 100.0, "percent_covered_display": "100", "missing_lines": 0, "excluded_lines": 0, "num_branches": 0, "num_partial_branches": 0, "covered_branches": 0, "missing_branches": 0}, "missing_lines": [], "excluded_lines": [], "executed_branches": [], "missing_branches": []}}, "classes": {"Loan": {"executed_lines": [22, 23, 29, 31], "summary": {"covered_lines": 4, "num_statements": 4, "percent_covered": 100.0, "percent_covered_display": "100", "missing_lines": 0, "excluded_lines": 0, "num_branches": 0, "num_partial_branches": 0, "covered_branches": 0, "missing_branches": 0}, "missing_lines": [], "excluded_lines": [], "executed_branches": [], "missing_branches": []}, "": {"executed_lines": [1, 8, 9, 15, 25], "summary": {"covered_lines": 3, "num_statements": 3, "percent_covered": 100.0, "percent_covered_display": "100", "missing_lines": 0, "excluded_lines": 0, "num_branches": 0, "num_partial_branches": 0, "covered_branches": 0, "missing_branches": 0}, "missing_lines": [], "excluded_lines": [], "executed_branches": [], "missing_branches": []}}}, "src\\patron.py": {"executed_lines": [1, 8, 9, 11, 12, 14, 15, 28, 32, 33, 34, 35, 36, 37, 38, 39, 41, 47, 48, 49, 50, 51, 52, 53, 54, 56, 60, 61, 62, 63, 64, 65, 66, 67, 69, 71, 81, 82, 83, 84, 86, 96, 97, 98, 99, 100, 101, 102, 104, 108, 109, 111, 114, 115, 116, 117, 118, 119, 120, 122, 125, 126, 128, 129, 130, 132], "summary": {"covered_lines": 64, "num_statements": 66, "percent_covered": 93.18181818181819, "percent_covered_display": "93", "missing_lines": 2, "excluded_lines": 0, "num_branches": 22, "num_partial_branches": 4, "covered_branches": 18, "missing_branches": 4}, "missing_lines": [112, 123], "excluded_lines": [], "executed_branches": [[61, 62], [61, 69], [64, 65], [81, 82], [81, 84], [82, 81], [82, 83], [111, 114], [115, 116], [115, 117], [117, 118], [119, 120], [119, 122], [122, 125], [125, 126], [125, 128], [129, 130], [129, 132]], "missing_branches": [[64, 61], [111, 112], [117, 119], [122, 123]], "functions": {"Patron.__init__": {"executed_lines": [32, 33, 34, 35, 36, 37, 38, 39], "summary": {"covered_lines": 8, "num_statements": 8, "percent_covered": 100.0, "percent_covered_display": "100", "missing_lines": 0, "excluded_lines": 0, "num_branches": 0, "num_partial_branches": 0, "covered_branches": 0, "missing_branches": 0}, "missing_lines": [], "excluded_lines": [], "executed_branches": [], "missing_branches": []}, "Patron.load_data": {"executed_lines": [47, 48, 49, 50, 51, 52, 53, 54], "summary": {"covered_lines": 8, "num_statements": 8, "percent_covered": 100.0, "percent_covered_display": "100", "missing_lines": 0, "excluded_lines": 0, "num_branches": 0, "num_partial_branches": 0, "covered_branches": 0, "missing_branches": 0}, "missing_lines": [], "excluded_lines": [], "executed_branches": [], "missing_branches": []}, "Patron.load_loans": {"executed_lines": [60, 61, 62, 63, 64, 65, 66, 67, 69], "summary": {"covered_lines": 9, "num_statements": 9, "percent_covered": 92.3076923076923, "percent_covered_display": "92", "missing_lines": 0, "excluded_lines": 0, "num_branches": 4, "num_partial_branches": 1, "covered_branches": 3, "missing_branches": 1}, "missing_lines": [], "excluded_lines": [], "executed_branches": [[61, 62], [61, 69], [64, 65]], "missing_branches": [[64, 61]]}, "Patron.find_loan": {"executed_lines": [81, 82, 83, 84], "summary": {"covered_lines": 4, "num_statements": 4, "percent_covered": 100.0, "percent_covered_display": "100", "missing_lines": 0, "excluded_lines": 0, "num_branches": 4, "num_partial_branches": 0, "covered_branches": 4, "missing_branches": 0}, "missing_lines": [], "excluded_lines": [], "executed_branches": [[81, 82], [81, 84], [82, 81], [82, 83]], "missing_branches": []}, "Patron.set_new_patron_data": {"executed_lines": [96, 97, 98, 99, 100, 101, 102], "summary": {"covered_lines": 7, "num_statements": 7, "percent_covered": 100.0, "percent_covered_display": "100", "missing_lines": 0, "excluded_lines": 0, "num_branches": 0, "num_partial_branches": 0, "covered_branches": 0, "missing_branches": 0}, "missing_lines": [], "excluded_lines": [], "executed_branches": [], "missing_branches": []}, "Patron.__str__": {"executed_lines": [108, 109, 111, 114, 115, 116, 117, 118, 119, 120, 122, 125, 126, 128, 129, 130, 132], "summary": {"covered_lines": 17, "num_statements": 19, "percent_covered": 84.84848484848484, "percent_covered_display": "85", "missing_lines": 2, "excluded_lines": 0, "num_branches": 14, "num_partial_branches": 3, "covered_branches": 11, "missing_branches": 3}, "missing_lines": [112, 123], "excluded_lines": [], "executed_branches": [[111, 114], [115, 116], [115, 117], [117, 118], [119, 120], [119, 122], [122, 125], [125, 126], [125, 128], [129, 130], [129, 132]], "missing_branches": [[111, 112], [117, 119], [122, 123]]}, "": {"executed_lines": [1, 8, 9, 11, 12, 14, 15, 28, 41, 56, 71, 86, 104], "summary": {"covered_lines": 11, "num_statements": 11, "percent_covered": 100.0, "percent_covered_display": "100", "missing_lines": 0, "excluded_lines": 0, "num_branches": 0, "num_partial_branches": 0, "covered_branches": 0, "missing_branches": 0}, "missing_lines": [], "excluded_lines": [], "executed_branches": [], "missing_branches": []}}, "classes": {"Patron": {"executed_lines": [32, 33, 34, 35, 36, 37, 38, 39, 47, 48, 49, 50, 51, 52, 53, 54, 60, 61, 62, 63, 64, 65, 66, 67, 69, 81, 82, 83, 84, 96, 97, 98, 99, 100, 101, 102, 108, 109, 111, 114, 115, 116, 117, 118, 119, 120, 122, 125, 126, 128, 129, 130, 132], "summary": {"covered_lines": 53, "num_statements": 55, "percent_covered": 92.20779220779221, "percent_covered_display": "92", "missing_lines": 2, "excluded_lines": 0, "num_branches": 22, "num_partial_branches": 4, "covered_branches": 18, "missing_branches": 4}, "missing_lines": [112, 123], "excluded_lines": [], "executed_branches": [[61, 62], [61, 69], [64, 65], [81, 82], [81, 84], [82, 81], [82, 83], [111, 114], [115, 116], [115, 117], [117, 118], [119, 120], [119, 122], [122, 125], [125, 126], [125, 128], [129, 130], [129, 132]], "missing_branches": [[64, 61], [111, 112], [117, 119], [122, 123]]}, "": {"executed_lines": [1, 8, 9, 11, 12, 14, 15, 28, 41, 56, 71, 86, 104], "summary": {"covered_lines": 11, "num_statements": 11, "percent_covered": 100.0, "percent_covered_display": "100", "missing_lines": 0, "excluded_lines": 0, "num_branches": 0, "num_partial_branches": 0, "covered_branches": 0, "missing_branches": 0}, "missing_lines": [], "excluded_lines": [], "executed_branches": [], "missing_branches": []}}}, "src\\search.py": {"executed_lines": [1, 8, 20, 22, 23, 24, 26, 29, 40, 42, 43, 44, 46, 49, 62, 63, 64, 66, 69, 79, 81, 82, 83, 85], "summary": {"covered_lines": 23, "num_statements": 23, "percent_covered": 100.0, "percent_covered_display": "100", "missing_lines": 0, "excluded_lines": 0, "num_branches": 16, "num_partial_branches": 0, "covered_branches": 16, "missing_branches": 0}, "missing_lines": [], "excluded_lines": [], "executed_branches": [[22, 23], [22, 26], [23, 22], [23, 24], [42, 43], [42, 46], [43, 42], [43, 44], [62, 63], [62, 66], [63, 62], [63, 64], [81, 82], [81, 85], [82, 81], [82, 83]], "missing_branches": [], "functions": {"find_patron_by_name": {"executed_lines": [20, 22, 23, 24, 26], "summary": {"covered_lines": 5, "num_statements": 5, "percent_covered": 100.0, "percent_covered_display": "100", "missing_lines": 0, "excluded_lines": 0, "num_branches": 4, "num_partial_branches": 0, "covered_branches": 4, "missing_branches": 0}, "missing_lines": [], "excluded_lines": [], "executed_branches": [[22, 23], [22, 26], [23, 22], [23, 24]], "missing_branches": []}, "find_patron_by_age": {"executed_lines": [40, 42, 43, 44, 46], "summary": {"covered_lines": 5, "num_statements": 5, "percent_covered": 100.0, "percent_covered_display": "100", "missing_lines": 0, "excluded_lines": 0, "num_branches": 4, "num_partial_branches": 0, "covered_branches": 4, "missing_branches": 0}, "missing_lines": [], "excluded_lines": [], "executed_branches": [[42, 43], [42, 46], [43, 42], [43, 44]], "missing_branches": []}, "find_patron_by_name_and_age": {"executed_lines": [62, 63, 64, 66], "summary": {"covered_lines": 4, "num_statements": 4, "percent_covered": 100.0, "percent_covered_display": "100", "missing_lines": 0, "excluded_lines": 0, "num_branches": 4, "num_partial_branches": 0, "covered_branches": 4, "missing_branches": 0}, "missing_lines": [], "excluded_lines": [], "executed_branches": [[62, 63], [62, 66], [63, 62], [63, 64]], "missing_branches": []}, "find_item_by_id": {"executed_lines": [79, 81, 82, 83, 85], "summary": {"covered_lines": 5, "num_statements": 5, "percent_covered": 100.0, "percent_covered_display": "100", "missing_lines": 0, "excluded_lines": 0, "num_branches": 4, "num_partial_branches": 0, "covered_branches": 4, "missing_branches": 0}, "missing_lines": [], "excluded_lines": [], "executed_branches": [[81, 82], [81, 85], [82, 81], [82, 83]], "missing_branches": []}, "": {"executed_lines": [1, 8, 29, 49, 69], "summary": {"covered_lines": 4, "num_statements": 4, "percent_covered": 100.0, "percent_covered_display": "100", "missing_lines": 0, "excluded_lines": 0, "num_branches": 0, "num_partial_branches": 0, "covered_branches": 0, "missing_branches": 0}, "missing_lines": [], "excluded_lines": [], "executed_branches": [], "missing_branches": []}}, "classes": {"": {"executed_lines": [1, 8, 20, 22, 23, 24, 26, 29, 40, 42, 43, 44, 46, 49, 62, 63, 64, 66, 69, 79, 81, 82, 83, 85], "summary": {"covered_lines": 23, "num_statements": 23, "percent_covered": 100.0, "percent_covered_display": "100", "missing_lines": 0, "excluded_lines": 0, "num_branches": 16, "num_partial_branches": 0, "covered_branches": 16, "missing_branches": 0}, "missing_lines": [], "excluded_lines": [], "executed_branches": [[22, 23], [22, 26], [23, 22], [23, 24], [42, 43], [42, 46], [43, 42], [43, 44], [62, 63], [62, 66], [63, 62], [63, 64], [81, 82], [81, 85], [82, 81], [82, 83]], "missing_branches": []}}}, "src\\user_input.py": {"executed_lines": [1, 8, 17, 18, 19, 20, 21, 24, 33, 34, 35, 36, 37, 40, 49, 52, 62, 63, 64, 65, 66, 67, 70, 80, 81, 82, 83, 84, 85, 88, 101, 102, 103, 104, 105, 108, 121, 122, 123, 124, 125, 128, 140, 141, 142, 143, 144], "summary": {"covered_lines": 46, "num_statements": 46, "percent_covered": 100.0, "percent_covered_display": "100", "missing_lines": 0, "excluded_lines": 0, "num_branches": 10, "num_partial_branches": 0, "covered_branches": 10, "missing_branches": 0}, "missing_lines": [], "excluded_lines": [], "executed_branches": [[63, 64], [63, 66], [81, 82], [81, 84], [102, 103], [102, 105], [122, 123], [122, 125], [141, 142], [141, 144]], "missing_branches": [], "functions": {"is_int": {"executed_lines": [17, 18, 19, 20, 21], "summary": {"covered_lines": 5, "num_statements": 5, "percent_covered": 100.0, "percent_covered_display": "100", "missing_lines": 0, "excluded_lines": 0, "num_branches": 0, "num_partial_branches": 0, "covered_branches": 0, "missing_branches": 0}, "missing_lines": [], "excluded_lines": [], "executed_branches": [], "missing_branches": []}, "is_float": {"executed_lines": [33, 34, 35, 36, 37], "summary": {"covered_lines": 5, "num_statements": 5, "percent_covered": 100.0, "percent_covered_display": "100", "missing_lines": 0, "excluded_lines": 0, "num_branches": 0, "num_partial_branches": 0, "covered_branches": 0, "missing_branches": 0}, "missing_lines": [], "excluded_lines": [], "executed_branches": [], "missing_branches": []}, "read_string": {"executed_lines": [49], "summary": {"covered_lines": 1, "num_statements": 1, "percent_covered": 100.0, "percent_covered_display": "100", "missing_lines": 0, "excluded_lines": 0, "num_branches": 0, "num_partial_branches": 0, "covered_branches": 0, "missing_branches": 0}, "missing_lines": [], "excluded_lines": [], "executed_branches": [], "missing_branches": []}, "read_integer": {"executed_lines": [62, 63, 64, 65, 66, 67], "summary": {"covered_lines": 6, "num_statements": 6, "percent_covered": 100.0, "percent_covered_display": "100", "missing_lines": 0, "excluded_lines": 0, "num_branches": 2, "num_partial_branches": 0, "covered_branches": 2, "missing_branches": 0}, "missing_lines": [], "excluded_lines": [], "executed_branches": [[63, 64], [63, 66]], "missing_branches": []}, "read_float": {"executed_lines": [80, 81, 82, 83, 84, 85], "summary": {"covered_lines": 6, "num_statements": 6, "percent_covered": 100.0, "percent_covered_display": "100", "missing_lines": 0, "excluded_lines": 0, "num_branches": 2, "num_partial_branches": 0, "covered_branches": 2, "missing_branches": 0}, "missing_lines": [], "excluded_lines": [], "executed_branches": [[81, 82], [81, 84]], "missing_branches": []}, "read_integer_range": {"executed_lines": [101, 102, 103, 104, 105], "summary": {"covered_lines": 5, "num_statements": 5, "percent_covered": 100.0, "percent_covered_display": "100", "missing_lines": 0, "excluded_lines": 0, "num_branches": 2, "num_partial_branches": 0, "covered_branches": 2, "missing_branches": 0}, "missing_lines": [], "excluded_lines": [], "executed_branches": [[102, 103], [102, 105]], "missing_branches": []}, "read_float_range": {"executed_lines": [121, 122, 123, 124, 125], "summary": {"covered_lines": 5, "num_statements": 5, "percent_covered": 100.0, "percent_covered_display": "100", "missing_lines": 0, "excluded_lines": 0, "num_branches": 2, "num_partial_branches": 0, "covered_branches": 2, "missing_branches": 0}, "missing_lines": [], "excluded_lines": [], "executed_branches": [[122, 123], [122, 125]], "missing_branches": []}, "read_bool": {"executed_lines": [140, 141, 142, 143, 144], "summary": {"covered_lines": 5, "num_statements": 5, "percent_covered": 100.0, "percent_covered_display": "100", "missing_lines": 0, "excluded_lines": 0, "num_branches": 2, "num_partial_branches": 0, "covered_branches": 2, "missing_branches": 0}, "missing_lines": [], "excluded_lines": [], "executed_branches": [[141, 142], [141, 144]], "missing_branches": []}, "": {"executed_lines": [1, 8, 24, 40, 52, 70, 88, 108, 128], "summary": {"covered_lines": 8, "num_statements": 8, "percent_covered": 100.0, "percent_covered_display": "100", "missing_lines": 0, "excluded_lines": 0, "num_branches": 0, "num_partial_branches": 0, "covered_branches": 0, "missing_branches": 0}, "missing_lines": [], "excluded_lines": [], "executed_branches": [], "missing_branches": []}}, "classes": {"": {"executed_lines": [1, 8, 17, 18, 19, 20, 21, 24, 33, 34, 35, 36, 37, 40, 49, 52, 62, 63, 64, 65, 66, 67, 70, 80, 81, 82, 83, 84, 85, 88, 101, 102, 103, 104, 105, 108, 121, 122, 123, 124, 125, 128, 140, 141, 142, 143, 144], "summary": {"covered_lines": 46, "num_statements": 46, "percent_covered": 100.0, "percent_covered_display": "100", "missing_lines": 0, "excluded_lines": 0, "num_branches": 10, "num_partial_branches": 0, "covered_branches": 10, "missing_branches": 0}, "missing_lines": [], "excluded_lines": [], "executed_branches": [[63, 64], [63, 66], [81, 82], [81, 84], [102, 103], [102, 105], [122, 123], [122, 125], [141, 142], [141, 144]], "missing_branches": []}}}}, "totals": {"covered_lines": 399, "num_statements": 453, "percent_covered": 85.73743922204214, "percent_covered_display": "86", "missing_lines": 54, "excluded_lines": 0, "num_branches": 164, "num_partial_branches": 16, "covered_branches": 130, "missing_branches": 34}}